[2026-06-02 19:46:35.648] [info] [core] [t9164] Loaded config: monster_madness.toml
[2026-06-02 19:46:35.648] [info] [core] [t9164] monster_madness starting
[2026-06-02 19:46:35.648] [info] [core] [t9164]   Game directory: G:/rex/MonsterMadness\assets
[2026-06-02 19:46:35.649] [info] [core] [t9164]   User data:      C:\Users\MaxDe\Documents\monster_madness
[2026-06-02 19:46:35.649] [info] [core] [t9164]   Cache root:     C:\Users\MaxDe\Documents\monster_madness\cache
[2026-06-02 19:46:35.788] [info] [gpu] [t9164] DXGI adapter: NVIDIA GeForce RTX 3080 (vendor 0x10DE, device 0x2216)
[2026-06-02 19:46:35.983] [info] [gpu] [t9164] Direct3D 12 device and OS features:
* Max GPU virtual address bits per resource: 40
* Non-zeroed heap creation: yes
* Pixel-shader-specified stencil reference: no
* Programmable sample positions: tier 2
* Rasterizer-ordered views: yes
* Resource binding: tier 3
* Tiled resources: tier 4
* Unaligned block-compressed textures: yes
[2026-06-02 19:46:36.265] [info] [sys] [t9164] FunctionDispatcher initialized
[2026-06-02 19:46:36.265] [info] [core] [t9164] SDL: Using version 3.5.0
[2026-06-02 19:46:36.265] [info] [core] [t9164] MnK input driver initialized
[2026-06-02 19:46:36.266] [info] [sys] [t9164] Input system initialized
[2026-06-02 19:46:36.306] [info] [sys] [t9164] Audio system initialized
[2026-06-02 19:46:36.307] [info] [sys] [t15508] XThread::Execute thid 1 (handle=F8000010, 'XMA Decoder (F8000010)', native=00003C94, <host>)
[2026-06-02 19:46:36.307] [info] [sys] [t20980] XThread::Execute thid 2 (handle=F8000014, 'Audio Worker (F8000014)', native=000051F4, <host>)
[2026-06-02 19:46:36.311] [info] [sys] [t9164]   Mounted G:\rex\MonsterMadness\assets at \Device\Harddisk0\Partition1
[2026-06-02 19:46:36.312] [info] [sys] [t9164] GPU system initialized (presentation=true)
[2026-06-02 19:46:36.313] [info] [sys] [t8308] XThread::Execute thid 3 (handle=F8000018, 'GPU Commands (F8000018)', native=00002074, <host>)
[2026-06-02 19:46:36.313] [info] [sys] [t9164] Runtime initialized successfully
[2026-06-02 19:46:36.313] [info] [sys] [t24228] XThread::Execute thid 4 (handle=F800001C, 'GPU VSync (F800001C)', native=00005EA4, <host>)
[2026-06-02 19:46:36.321] [info] [core] [t9164] Function table initialized for module: code=82200000-82BE6350, image=82000000-83050000
[2026-06-02 19:46:36.502] [warning] [core] [t9164] SDL GameControllerDB: file 'gamecontrollerdb.txt' does not exist.
[2026-06-02 19:46:36.502] [info] [core] [t9164] SDL input driver initialized successfully
[2026-06-02 19:46:36.502] [info] [sys] [t9164] Loading XEX image: game:\patched_default.xex
[2026-06-02 19:46:36.574] [warning] [fs] [t9164] VFS: entry not found for '\Device\Harddisk0\Partition1\patched_default.xexp' on device '\Device\Harddisk0\Partition1'
[2026-06-02 19:46:36.576] [info] [sys] [t6820] XThread::Execute thid 5 (handle=F8000024, 'Kernel Dispatch (F8000024)', native=00001AA4, <host>)
[2026-06-02 19:46:36.577] [info] [sys] [t9164] KernelState: Preparing module launch...
[2026-06-02 19:46:36.577] [info] [core] [t9164] Initializing shader storage for title 535007D1...
[2026-06-02 19:46:36.588] [info] [gpu] [t8308] Translated 48 shaders from the storage in 8 milliseconds
[2026-06-02 19:46:36.598] [info] [gpu] [t8308] Created 40 graphics pipelines (not including reading the descriptions) from the storage in 9 milliseconds
[2026-06-02 19:46:36.617] [info] [gpu] [t3472] SetInterruptCallback(8220A600, 4004AD00)
[2026-06-02 19:46:36.685] [warning] [fs] [t3472] VFS: 'ShaderDumpxe:\CompareBackEnds' -> [no device]
[2026-06-02 19:46:37.222] [info] [core] [t17852] SDL OnControllerDeviceAdded: "MOGA XP5-X Plus", JoystickType(1), GameControllerType(1), VendorID(0x24C6), ProductID(0x891A)
[2026-06-02 19:46:37.222] [info] [core] [t17852] SDL OnControllerDeviceAdded: Added at index 0.
[2026-06-02 19:46:43.765] [warning] [krnl] [t3472] __imp__XamShowMarketplaceUI STUB
[2026-06-02 19:46:44.177] [warning] [krnl] [t3472] __imp__XamShowMarketplaceUI STUB
[2026-06-02 19:46:44.438] [warning] [krnl] [t3472] __imp__XamShowMarketplaceUI STUB
[2026-06-02 19:46:44.705] [warning] [krnl] [t3472] __imp__XamShowMarketplaceUI STUB
[2026-06-02 19:46:44.915] [warning] [krnl] [t3472] __imp__XamShowMarketplaceUI STUB
[2026-06-02 19:46:45.071] [warning] [krnl] [t3472] __imp__XamShowMarketplaceUI STUB
[2026-06-02 19:46:45.375] [warning] [krnl] [t3472] __imp__XamShowMarketplaceUI STUB
[2026-06-02 19:47:16.160] [critical] [core] [t3472] [FATAL] Call to invalid or unregistered function at guest address 0x82974C58
