[2026-06-02 19:32:16.721] [info] [core] [t2244] monster_madness starting
[2026-06-02 19:32:16.721] [info] [core] [t2244]   Game directory: G:/rex/MonsterMadness\assets
[2026-06-02 19:32:16.721] [info] [core] [t2244]   User data:      C:\Users\MaxDe\Documents\monster_madness
[2026-06-02 19:32:16.721] [info] [core] [t2244]   Cache root:     C:\Users\MaxDe\Documents\monster_madness\cache
[2026-06-02 19:32:16.853] [info] [gpu] [t2244] DXGI adapter: NVIDIA GeForce RTX 3080 (vendor 0x10DE, device 0x2216)
[2026-06-02 19:32:17.048] [info] [gpu] [t2244] Direct3D 12 device and OS features:
* Max GPU virtual address bits per resource: 40
* Non-zeroed heap creation: yes
* Pixel-shader-specified stencil reference: no
* Programmable sample positions: tier 2
* Rasterizer-ordered views: yes
* Resource binding: tier 3
* Tiled resources: tier 4
* Unaligned block-compressed textures: yes
[2026-06-02 19:32:17.348] [info] [sys] [t2244] FunctionDispatcher initialized
[2026-06-02 19:32:17.348] [info] [core] [t2244] SDL: Using version 3.5.0
[2026-06-02 19:32:17.348] [info] [core] [t2244] MnK input driver initialized
[2026-06-02 19:32:17.349] [info] [sys] [t2244] Input system initialized
[2026-06-02 19:32:17.386] [info] [sys] [t2244] Audio system initialized
[2026-06-02 19:32:17.387] [info] [sys] [t8240] XThread::Execute thid 1 (handle=F8000010, 'XMA Decoder (F8000010)', native=00002030, <host>)
[2026-06-02 19:32:17.387] [info] [sys] [t18888] XThread::Execute thid 2 (handle=F8000014, 'Audio Worker (F8000014)', native=000049C8, <host>)
[2026-06-02 19:32:17.391] [info] [sys] [t2244]   Mounted G:\rex\MonsterMadness\assets at \Device\Harddisk0\Partition1
[2026-06-02 19:32:17.392] [info] [sys] [t2244] GPU system initialized (presentation=true)
[2026-06-02 19:32:17.392] [info] [sys] [t20980] XThread::Execute thid 3 (handle=F8000018, 'GPU Commands (F8000018)', native=000051F4, <host>)
[2026-06-02 19:32:17.392] [info] [sys] [t2244] Runtime initialized successfully
[2026-06-02 19:32:17.393] [info] [sys] [t2732] XThread::Execute thid 4 (handle=F800001C, 'GPU VSync (F800001C)', native=00000AAC, <host>)
[2026-06-02 19:32:17.401] [info] [core] [t2244] Function table initialized for module: code=82200000-82BE6350, image=82000000-83050000
[2026-06-02 19:32:17.572] [warning] [core] [t2244] SDL GameControllerDB: file 'gamecontrollerdb.txt' does not exist.
[2026-06-02 19:32:17.572] [info] [core] [t2244] SDL input driver initialized successfully
[2026-06-02 19:32:17.572] [info] [sys] [t2244] Loading XEX image: game:\patched_default.xex
[2026-06-02 19:32:17.645] [warning] [fs] [t2244] VFS: entry not found for '\Device\Harddisk0\Partition1\patched_default.xexp' on device '\Device\Harddisk0\Partition1'
[2026-06-02 19:32:17.647] [info] [sys] [t9380] XThread::Execute thid 5 (handle=F8000024, 'Kernel Dispatch (F8000024)', native=000024A4, <host>)
[2026-06-02 19:32:17.647] [info] [sys] [t2244] KernelState: Preparing module launch...
[2026-06-02 19:32:17.648] [info] [core] [t2244] Initializing shader storage for title 535007D1...
[2026-06-02 19:32:17.659] [info] [gpu] [t20980] Translated 45 shaders from the storage in 8 milliseconds
[2026-06-02 19:32:17.670] [info] [gpu] [t20980] Created 37 graphics pipelines (not including reading the descriptions) from the storage in 11 milliseconds
[2026-06-02 19:32:17.692] [info] [gpu] [t25140] SetInterruptCallback(8220A600, 4004AD00)
[2026-06-02 19:32:17.758] [warning] [fs] [t25140] VFS: 'ShaderDumpxe:\CompareBackEnds' -> [no device]
[2026-06-02 19:32:18.464] [critical] [core] [t25140] [FATAL] Call to invalid or unregistered function at guest address 0x826B83E8
