[2026-06-02 19:25:37.277] [info] [core] [t15936] monster_madness starting
[2026-06-02 19:25:37.277] [info] [core] [t15936]   Game directory: G:/rex/MonsterMadness\assets
[2026-06-02 19:25:37.277] [info] [core] [t15936]   User data:      C:\Users\MaxDe\Documents\monster_madness
[2026-06-02 19:25:37.277] [info] [core] [t15936]   Cache root:     C:\Users\MaxDe\Documents\monster_madness\cache
[2026-06-02 19:25:37.436] [info] [gpu] [t15936] DXGI adapter: NVIDIA GeForce RTX 3080 (vendor 0x10DE, device 0x2216)
[2026-06-02 19:25:37.626] [info] [gpu] [t15936] Direct3D 12 device and OS features:
* Max GPU virtual address bits per resource: 40
* Non-zeroed heap creation: yes
* Pixel-shader-specified stencil reference: no
* Programmable sample positions: tier 2
* Rasterizer-ordered views: yes
* Resource binding: tier 3
* Tiled resources: tier 4
* Unaligned block-compressed textures: yes
[2026-06-02 19:25:38.012] [info] [sys] [t15936] FunctionDispatcher initialized
[2026-06-02 19:25:38.013] [info] [core] [t15936] SDL: Using version 3.5.0
[2026-06-02 19:25:38.013] [info] [core] [t15936] MnK input driver initialized
[2026-06-02 19:25:38.014] [info] [sys] [t15936] Input system initialized
[2026-06-02 19:25:38.054] [info] [sys] [t15936] Audio system initialized
[2026-06-02 19:25:38.055] [info] [sys] [t5796] XThread::Execute thid 1 (handle=F8000010, 'XMA Decoder (F8000010)', native=000016A4, <host>)
[2026-06-02 19:25:38.055] [info] [sys] [t23968] XThread::Execute thid 2 (handle=F8000014, 'Audio Worker (F8000014)', native=00005DA0, <host>)
[2026-06-02 19:25:38.060] [info] [sys] [t15936]   Mounted G:\rex\MonsterMadness\assets at \Device\Harddisk0\Partition1
[2026-06-02 19:25:38.061] [info] [sys] [t15936] GPU system initialized (presentation=true)
[2026-06-02 19:25:38.062] [info] [sys] [t15936] Runtime initialized successfully
[2026-06-02 19:25:38.062] [info] [sys] [t19772] XThread::Execute thid 3 (handle=F8000018, 'GPU Commands (F8000018)', native=00004D3C, <host>)
[2026-06-02 19:25:38.063] [info] [sys] [t6472] XThread::Execute thid 4 (handle=F800001C, 'GPU VSync (F800001C)', native=00001948, <host>)
[2026-06-02 19:25:38.073] [info] [core] [t15936] Function table initialized for module: code=82200000-82BE6350, image=82000000-83050000
[2026-06-02 19:25:38.237] [warning] [core] [t15936] SDL GameControllerDB: file 'gamecontrollerdb.txt' does not exist.
[2026-06-02 19:25:38.237] [info] [core] [t15936] SDL input driver initialized successfully
[2026-06-02 19:25:38.237] [info] [sys] [t15936] Loading XEX image: game:\patched_default.xex
[2026-06-02 19:25:38.310] [warning] [fs] [t15936] VFS: entry not found for '\Device\Harddisk0\Partition1\patched_default.xexp' on device '\Device\Harddisk0\Partition1'
[2026-06-02 19:25:38.312] [info] [sys] [t15936] KernelState: Preparing module launch...
[2026-06-02 19:25:38.312] [info] [sys] [t20560] XThread::Execute thid 5 (handle=F8000024, 'Kernel Dispatch (F8000024)', native=00005050, <host>)
[2026-06-02 19:25:38.312] [info] [core] [t15936] Initializing shader storage for title 535007D1...
[2026-06-02 19:25:38.488] [info] [gpu] [t19772] Translated 45 shaders from the storage in 23 milliseconds
[2026-06-02 19:25:38.504] [info] [gpu] [t19772] Created 37 graphics pipelines (not including reading the descriptions) from the storage in 16 milliseconds
[2026-06-02 19:25:38.529] [info] [gpu] [t20328] SetInterruptCallback(8220A600, 4004AD00)
[2026-06-02 19:25:38.606] [warning] [fs] [t20328] VFS: 'ShaderDumpxe:\CompareBackEnds' -> [no device]
[2026-06-02 19:25:39.047] [critical] [core] [t14636] [FATAL] Call to invalid or unregistered function at guest address 0x826AE168
