[2026-06-03 22:28:39.746] [info] [core] [t10904] Loaded config: monster_madness.toml
[2026-06-03 22:28:39.746] [info] [core] [t10904] monster_madness starting
[2026-06-03 22:28:39.746] [info] [core] [t10904]   Game directory: G:/rex/MonsterMadness\assets
[2026-06-03 22:28:39.746] [info] [core] [t10904]   User data:      C:\Users\MaxDe\Documents\monster_madness
[2026-06-03 22:28:39.746] [info] [core] [t10904]   Cache root:     C:\Users\MaxDe\Documents\monster_madness\cache
[2026-06-03 22:28:39.897] [info] [gpu] [t10904] DXGI adapter: NVIDIA GeForce RTX 3080 (vendor 0x10DE, device 0x2216)
[2026-06-03 22:28:40.085] [info] [gpu] [t10904] Direct3D 12 device and OS features:
* Max GPU virtual address bits per resource: 40
* Non-zeroed heap creation: yes
* Pixel-shader-specified stencil reference: no
* Programmable sample positions: tier 2
* Rasterizer-ordered views: yes
* Resource binding: tier 3
* Tiled resources: tier 4
* Unaligned block-compressed textures: yes
[2026-06-03 22:28:40.490] [info] [sys] [t10904] FunctionDispatcher initialized
[2026-06-03 22:28:40.490] [info] [core] [t10904] SDL: Using version 3.5.0
[2026-06-03 22:28:40.490] [info] [core] [t10904] MnK input driver initialized
[2026-06-03 22:28:40.490] [info] [sys] [t10904] Input system initialized
[2026-06-03 22:28:40.544] [info] [sys] [t23772] XThread::Execute thid 1 (handle=F8000010, 'XMA Decoder (F8000010)', native=00005CDC, <host>)
[2026-06-03 22:28:40.544] [info] [sys] [t10904] Audio system initialized
[2026-06-03 22:28:40.545] [info] [sys] [t12596] XThread::Execute thid 2 (handle=F8000014, 'Audio Worker (F8000014)', native=00003134, <host>)
[2026-06-03 22:28:40.548] [info] [sys] [t10904]   Mounted G:\rex\MonsterMadness\assets at \Device\Harddisk0\Partition1
[2026-06-03 22:28:40.549] [info] [sys] [t26448] XThread::Execute thid 3 (handle=F8000018, 'GPU Commands (F8000018)', native=00006750, <host>)
[2026-06-03 22:28:40.549] [info] [sys] [t10904] GPU system initialized (presentation=true)
[2026-06-03 22:28:40.549] [info] [sys] [t10904] Runtime initialized successfully
[2026-06-03 22:28:40.549] [info] [sys] [t29640] XThread::Execute thid 4 (handle=F800001C, 'GPU VSync (F800001C)', native=000073C8, <host>)
[2026-06-03 22:28:40.559] [info] [core] [t10904] Function table initialized for module: code=82200000-82BE6350, image=82000000-83050000
[2026-06-03 22:28:40.729] [warning] [core] [t10904] SDL GameControllerDB: file 'gamecontrollerdb.txt' does not exist.
[2026-06-03 22:28:40.729] [info] [core] [t10904] SDL input driver initialized successfully
[2026-06-03 22:28:40.730] [info] [sys] [t10904] Loading XEX image: game:\patched_default.xex
[2026-06-03 22:28:40.809] [warning] [fs] [t10904] VFS: entry not found for '\Device\Harddisk0\Partition1\patched_default.xexp' on device '\Device\Harddisk0\Partition1'
[2026-06-03 22:28:40.811] [info] [sys] [t26528] XThread::Execute thid 5 (handle=F8000024, 'Kernel Dispatch (F8000024)', native=000067A0, <host>)
[2026-06-03 22:28:40.812] [info] [sys] [t10904] KernelState: Preparing module launch...
[2026-06-03 22:28:40.812] [info] [core] [t10904] Initializing shader storage for title 535007D1...
[2026-06-03 22:28:40.845] [info] [gpu] [t26448] Translated 399 shaders from the storage in 22 milliseconds
[2026-06-03 22:28:40.883] [info] [gpu] [t26448] Created 394 graphics pipelines (not including reading the descriptions) from the storage in 37 milliseconds
[2026-06-03 22:28:40.905] [info] [gpu] [t26832] SetInterruptCallback(8220A600, 4004AD00)
[2026-06-03 22:28:40.976] [warning] [fs] [t26832] VFS: 'ShaderDumpxe:\CompareBackEnds' -> [no device]
[2026-06-03 22:28:46.270] [info] [core] [t4364] SDL OnControllerDeviceAdded: "MOGA XP5-X Plus", JoystickType(1), GameControllerType(1), VendorID(0x24C6), ProductID(0x891A)
[2026-06-03 22:28:46.270] [info] [core] [t4364] SDL OnControllerDeviceAdded: Added at index 0.
