[2026-06-02 20:22:23.802] [info] [core] [t20312] Loaded config: monster_madness.toml
[2026-06-02 20:22:23.802] [info] [core] [t20312] monster_madness starting
[2026-06-02 20:22:23.802] [info] [core] [t20312]   Game directory: G:/rex/MonsterMadness\assets
[2026-06-02 20:22:23.802] [info] [core] [t20312]   User data:      C:\Users\MaxDe\Documents\monster_madness
[2026-06-02 20:22:23.803] [info] [core] [t20312]   Cache root:     C:\Users\MaxDe\Documents\monster_madness\cache
[2026-06-02 20:22:23.949] [info] [gpu] [t20312] DXGI adapter: NVIDIA GeForce RTX 3080 (vendor 0x10DE, device 0x2216)
[2026-06-02 20:22:24.207] [info] [gpu] [t20312] Direct3D 12 device and OS features:
* Max GPU virtual address bits per resource: 40
* Non-zeroed heap creation: yes
* Pixel-shader-specified stencil reference: no
* Programmable sample positions: tier 2
* Rasterizer-ordered views: yes
* Resource binding: tier 3
* Tiled resources: tier 4
* Unaligned block-compressed textures: yes
[2026-06-02 20:22:24.603] [info] [sys] [t20312] FunctionDispatcher initialized
[2026-06-02 20:22:24.603] [info] [core] [t20312] SDL: Using version 3.5.0
[2026-06-02 20:22:24.603] [info] [core] [t20312] MnK input driver initialized
[2026-06-02 20:22:24.603] [info] [sys] [t20312] Input system initialized
[2026-06-02 20:22:24.645] [info] [sys] [t24564] XThread::Execute thid 1 (handle=F8000010, 'XMA Decoder (F8000010)', native=00005FF4, <host>)
[2026-06-02 20:22:24.645] [info] [sys] [t20312] Audio system initialized
[2026-06-02 20:22:24.646] [info] [sys] [t18304] XThread::Execute thid 2 (handle=F8000014, 'Audio Worker (F8000014)', native=00004780, <host>)
[2026-06-02 20:22:24.649] [info] [sys] [t20312]   Mounted G:\rex\MonsterMadness\assets at \Device\Harddisk0\Partition1
[2026-06-02 20:22:24.650] [info] [sys] [t20312] GPU system initialized (presentation=true)
[2026-06-02 20:22:24.650] [info] [sys] [t1636] XThread::Execute thid 3 (handle=F8000018, 'GPU Commands (F8000018)', native=00000664, <host>)
[2026-06-02 20:22:24.651] [info] [sys] [t20312] Runtime initialized successfully
[2026-06-02 20:22:24.651] [info] [sys] [t8724] XThread::Execute thid 4 (handle=F800001C, 'GPU VSync (F800001C)', native=00002214, <host>)
[2026-06-02 20:22:24.660] [info] [core] [t20312] Function table initialized for module: code=82200000-82BE6350, image=82000000-83050000
[2026-06-02 20:22:24.825] [warning] [core] [t20312] SDL GameControllerDB: file 'gamecontrollerdb.txt' does not exist.
[2026-06-02 20:22:24.826] [info] [core] [t20312] SDL input driver initialized successfully
[2026-06-02 20:22:24.826] [info] [sys] [t20312] Loading XEX image: game:\patched_default.xex
[2026-06-02 20:22:24.903] [warning] [fs] [t20312] VFS: entry not found for '\Device\Harddisk0\Partition1\patched_default.xexp' on device '\Device\Harddisk0\Partition1'
[2026-06-02 20:22:24.905] [info] [sys] [t20312] KernelState: Preparing module launch...
[2026-06-02 20:22:24.905] [info] [sys] [t19532] XThread::Execute thid 5 (handle=F8000024, 'Kernel Dispatch (F8000024)', native=00004C4C, <host>)
[2026-06-02 20:22:24.905] [info] [core] [t20312] Initializing shader storage for title 535007D1...
[2026-06-02 20:22:24.920] [info] [gpu] [t1636] Translated 51 shaders from the storage in 11 milliseconds
[2026-06-02 20:22:24.931] [info] [gpu] [t1636] Created 43 graphics pipelines (not including reading the descriptions) from the storage in 11 milliseconds
[2026-06-02 20:22:24.953] [info] [gpu] [t20936] SetInterruptCallback(8220A600, 4004AD00)
[2026-06-02 20:22:25.022] [warning] [fs] [t20936] VFS: 'ShaderDumpxe:\CompareBackEnds' -> [no device]
[2026-06-02 20:22:33.065] [info] [core] [t6640] SDL OnControllerDeviceAdded: "MOGA XP5-X Plus", JoystickType(1), GameControllerType(1), VendorID(0x24C6), ProductID(0x891A)
[2026-06-02 20:22:33.065] [info] [core] [t6640] SDL OnControllerDeviceAdded: Added at index 0.
[2026-06-02 20:22:43.238] [critical] [core] [t468] [FATAL] Call to invalid or unregistered function at guest address 0x82A22A70
