[2026-06-02 20:35:35.622] [info] [core] [t21956] Loaded config: monster_madness.toml
[2026-06-02 20:35:35.623] [info] [core] [t21956] monster_madness starting
[2026-06-02 20:35:35.623] [info] [core] [t21956]   Game directory: G:/rex/MonsterMadness\assets
[2026-06-02 20:35:35.623] [info] [core] [t21956]   User data:      C:\Users\MaxDe\Documents\monster_madness
[2026-06-02 20:35:35.623] [info] [core] [t21956]   Cache root:     C:\Users\MaxDe\Documents\monster_madness\cache
[2026-06-02 20:35:35.757] [info] [gpu] [t21956] DXGI adapter: NVIDIA GeForce RTX 3080 (vendor 0x10DE, device 0x2216)
[2026-06-02 20:35:35.952] [info] [gpu] [t21956] Direct3D 12 device and OS features:
* Max GPU virtual address bits per resource: 40
* Non-zeroed heap creation: yes
* Pixel-shader-specified stencil reference: no
* Programmable sample positions: tier 2
* Rasterizer-ordered views: yes
* Resource binding: tier 3
* Tiled resources: tier 4
* Unaligned block-compressed textures: yes
[2026-06-02 20:35:36.249] [info] [sys] [t21956] FunctionDispatcher initialized
[2026-06-02 20:35:36.249] [info] [core] [t21956] SDL: Using version 3.5.0
[2026-06-02 20:35:36.249] [info] [core] [t21956] MnK input driver initialized
[2026-06-02 20:35:36.249] [info] [sys] [t21956] Input system initialized
[2026-06-02 20:35:36.294] [info] [sys] [t3660] XThread::Execute thid 1 (handle=F8000010, 'XMA Decoder (F8000010)', native=00000E4C, <host>)
[2026-06-02 20:35:36.294] [info] [sys] [t21956] Audio system initialized
[2026-06-02 20:35:36.295] [info] [sys] [t2512] XThread::Execute thid 2 (handle=F8000014, 'Audio Worker (F8000014)', native=000009D0, <host>)
[2026-06-02 20:35:36.298] [info] [sys] [t21956]   Mounted G:\rex\MonsterMadness\assets at \Device\Harddisk0\Partition1
[2026-06-02 20:35:36.299] [info] [sys] [t21956] GPU system initialized (presentation=true)
[2026-06-02 20:35:36.299] [info] [sys] [t18884] XThread::Execute thid 3 (handle=F8000018, 'GPU Commands (F8000018)', native=000049C4, <host>)
[2026-06-02 20:35:36.299] [info] [sys] [t21956] Runtime initialized successfully
[2026-06-02 20:35:36.300] [info] [sys] [t15056] XThread::Execute thid 4 (handle=F800001C, 'GPU VSync (F800001C)', native=00003AD0, <host>)
[2026-06-02 20:35:36.308] [info] [core] [t21956] Function table initialized for module: code=82200000-82BE6350, image=82000000-83050000
[2026-06-02 20:35:36.499] [warning] [core] [t21956] SDL GameControllerDB: file 'gamecontrollerdb.txt' does not exist.
[2026-06-02 20:35:36.499] [info] [core] [t21956] SDL input driver initialized successfully
[2026-06-02 20:35:36.499] [info] [sys] [t21956] Loading XEX image: game:\patched_default.xex
[2026-06-02 20:35:36.568] [warning] [fs] [t21956] VFS: entry not found for '\Device\Harddisk0\Partition1\patched_default.xexp' on device '\Device\Harddisk0\Partition1'
[2026-06-02 20:35:36.571] [info] [sys] [t23580] XThread::Execute thid 5 (handle=F8000024, 'Kernel Dispatch (F8000024)', native=00005C1C, <host>)
[2026-06-02 20:35:36.573] [info] [sys] [t21956] KernelState: Preparing module launch...
[2026-06-02 20:35:36.573] [info] [core] [t21956] Initializing shader storage for title 535007D1...
[2026-06-02 20:35:36.592] [info] [gpu] [t18884] Translated 169 shaders from the storage in 12 milliseconds
[2026-06-02 20:35:36.611] [info] [gpu] [t18884] Created 148 graphics pipelines (not including reading the descriptions) from the storage in 18 milliseconds
[2026-06-02 20:35:36.633] [info] [gpu] [t20940] SetInterruptCallback(8220A600, 4004AD00)
[2026-06-02 20:35:36.700] [warning] [fs] [t20940] VFS: 'ShaderDumpxe:\CompareBackEnds' -> [no device]
[2026-06-02 20:35:37.253] [info] [core] [t17116] SDL OnControllerDeviceAdded: "MOGA XP5-X Plus", JoystickType(1), GameControllerType(1), VendorID(0x24C6), ProductID(0x891A)
[2026-06-02 20:35:37.253] [info] [core] [t17116] SDL OnControllerDeviceAdded: Added at index 0.
[2026-06-02 20:35:47.351] [info] [core] [t21956] Saved config to G:\rex\MonsterMadness\out\build\win-amd64-relwithdebinfo\monster_madness.toml
[2026-06-02 20:35:47.486] [info] [core] [t21956] Saved config to G:\rex\MonsterMadness\out\build\win-amd64-relwithdebinfo\monster_madness.toml
