[2026-06-02 20:57:15.189] [info] [core] [t2144] Loaded config: monster_madness.toml
[2026-06-02 20:57:15.190] [info] [core] [t2144] monster_madness starting
[2026-06-02 20:57:15.190] [info] [core] [t2144]   Game directory: G:/rex/MonsterMadness\assets
[2026-06-02 20:57:15.190] [info] [core] [t2144]   User data:      C:\Users\MaxDe\Documents\monster_madness
[2026-06-02 20:57:15.190] [info] [core] [t2144]   Cache root:     C:\Users\MaxDe\Documents\monster_madness\cache
[2026-06-02 20:57:15.331] [info] [gpu] [t2144] DXGI adapter: NVIDIA GeForce RTX 3080 (vendor 0x10DE, device 0x2216)
[2026-06-02 20:57:15.535] [info] [gpu] [t2144] Direct3D 12 device and OS features:
* Max GPU virtual address bits per resource: 40
* Non-zeroed heap creation: yes
* Pixel-shader-specified stencil reference: no
* Programmable sample positions: tier 2
* Rasterizer-ordered views: yes
* Resource binding: tier 3
* Tiled resources: tier 4
* Unaligned block-compressed textures: yes
[2026-06-02 20:57:15.929] [info] [sys] [t2144] FunctionDispatcher initialized
[2026-06-02 20:57:15.930] [info] [core] [t2144] SDL: Using version 3.5.0
[2026-06-02 20:57:15.930] [info] [core] [t2144] MnK input driver initialized
[2026-06-02 20:57:15.930] [info] [sys] [t2144] Input system initialized
[2026-06-02 20:57:15.970] [info] [sys] [t2144] Audio system initialized
[2026-06-02 20:57:15.970] [info] [sys] [t20756] XThread::Execute thid 1 (handle=F8000010, 'XMA Decoder (F8000010)', native=00005114, <host>)
[2026-06-02 20:57:15.971] [info] [sys] [t8552] XThread::Execute thid 2 (handle=F8000014, 'Audio Worker (F8000014)', native=00002168, <host>)
[2026-06-02 20:57:15.974] [info] [sys] [t2144]   Mounted G:\rex\MonsterMadness\assets at \Device\Harddisk0\Partition1
[2026-06-02 20:57:15.975] [info] [sys] [t27448] XThread::Execute thid 3 (handle=F8000018, 'GPU Commands (F8000018)', native=00006B38, <host>)
[2026-06-02 20:57:15.975] [info] [sys] [t2144] GPU system initialized (presentation=true)
[2026-06-02 20:57:15.976] [info] [sys] [t2144] Runtime initialized successfully
[2026-06-02 20:57:15.976] [info] [sys] [t20568] XThread::Execute thid 4 (handle=F800001C, 'GPU VSync (F800001C)', native=00005058, <host>)
[2026-06-02 20:57:15.985] [info] [core] [t2144] Function table initialized for module: code=82200000-82BE6350, image=82000000-83050000
[2026-06-02 20:57:16.156] [warning] [core] [t2144] SDL GameControllerDB: file 'gamecontrollerdb.txt' does not exist.
[2026-06-02 20:57:16.156] [info] [core] [t2144] SDL input driver initialized successfully
[2026-06-02 20:57:16.156] [info] [sys] [t2144] Loading XEX image: game:\patched_default.xex
[2026-06-02 20:57:16.228] [warning] [fs] [t2144] VFS: entry not found for '\Device\Harddisk0\Partition1\patched_default.xexp' on device '\Device\Harddisk0\Partition1'
[2026-06-02 20:57:16.231] [info] [sys] [t20392] XThread::Execute thid 5 (handle=F8000024, 'Kernel Dispatch (F8000024)', native=00004FA8, <host>)
[2026-06-02 20:57:16.231] [info] [sys] [t2144] KernelState: Preparing module launch...
[2026-06-02 20:57:16.232] [info] [core] [t2144] Initializing shader storage for title 535007D1...
[2026-06-02 20:57:16.250] [info] [gpu] [t27448] Translated 399 shaders from the storage in 14 milliseconds
[2026-06-02 20:57:16.283] [info] [gpu] [t27448] Created 394 graphics pipelines (not including reading the descriptions) from the storage in 33 milliseconds
[2026-06-02 20:57:16.304] [info] [gpu] [t22268] SetInterruptCallback(8220A600, 4004AD00)
[2026-06-02 20:57:16.369] [warning] [fs] [t22268] VFS: 'ShaderDumpxe:\CompareBackEnds' -> [no device]
