[2026-06-02 20:26:55.615] [info] [core] [t18284] Loaded config: monster_madness.toml
[2026-06-02 20:26:55.616] [info] [core] [t18284] monster_madness starting
[2026-06-02 20:26:55.616] [info] [core] [t18284]   Game directory: G:/rex/MonsterMadness\assets
[2026-06-02 20:26:55.616] [info] [core] [t18284]   User data:      C:\Users\MaxDe\Documents\monster_madness
[2026-06-02 20:26:55.616] [info] [core] [t18284]   Cache root:     C:\Users\MaxDe\Documents\monster_madness\cache
[2026-06-02 20:26:55.761] [info] [gpu] [t18284] DXGI adapter: NVIDIA GeForce RTX 3080 (vendor 0x10DE, device 0x2216)
[2026-06-02 20:26:55.991] [info] [gpu] [t18284] Direct3D 12 device and OS features:
* Max GPU virtual address bits per resource: 40
* Non-zeroed heap creation: yes
* Pixel-shader-specified stencil reference: no
* Programmable sample positions: tier 2
* Rasterizer-ordered views: yes
* Resource binding: tier 3
* Tiled resources: tier 4
* Unaligned block-compressed textures: yes
[2026-06-02 20:26:56.380] [info] [sys] [t18284] FunctionDispatcher initialized
[2026-06-02 20:26:56.380] [info] [core] [t18284] SDL: Using version 3.5.0
[2026-06-02 20:26:56.380] [info] [core] [t18284] MnK input driver initialized
[2026-06-02 20:26:56.380] [info] [sys] [t18284] Input system initialized
[2026-06-02 20:26:56.424] [info] [sys] [t18284] Audio system initialized
[2026-06-02 20:26:56.424] [info] [sys] [t21160] XThread::Execute thid 1 (handle=F8000010, 'XMA Decoder (F8000010)', native=000052A8, <host>)
[2026-06-02 20:26:56.424] [info] [sys] [t24496] XThread::Execute thid 2 (handle=F8000014, 'Audio Worker (F8000014)', native=00005FB0, <host>)
[2026-06-02 20:26:56.427] [info] [sys] [t18284]   Mounted G:\rex\MonsterMadness\assets at \Device\Harddisk0\Partition1
[2026-06-02 20:26:56.429] [info] [sys] [t18284] GPU system initialized (presentation=true)
[2026-06-02 20:26:56.429] [info] [sys] [t22892] XThread::Execute thid 3 (handle=F8000018, 'GPU Commands (F8000018)', native=0000596C, <host>)
[2026-06-02 20:26:56.430] [info] [sys] [t18284] Runtime initialized successfully
[2026-06-02 20:26:56.430] [info] [sys] [t24424] XThread::Execute thid 4 (handle=F800001C, 'GPU VSync (F800001C)', native=00005F68, <host>)
[2026-06-02 20:26:56.439] [info] [core] [t18284] Function table initialized for module: code=82200000-82BE6350, image=82000000-83050000
[2026-06-02 20:26:56.624] [warning] [core] [t18284] SDL GameControllerDB: file 'gamecontrollerdb.txt' does not exist.
[2026-06-02 20:26:56.624] [info] [core] [t18284] SDL input driver initialized successfully
[2026-06-02 20:26:56.624] [info] [sys] [t18284] Loading XEX image: game:\patched_default.xex
[2026-06-02 20:26:56.693] [warning] [fs] [t18284] VFS: entry not found for '\Device\Harddisk0\Partition1\patched_default.xexp' on device '\Device\Harddisk0\Partition1'
[2026-06-02 20:26:56.696] [info] [sys] [t17236] XThread::Execute thid 5 (handle=F8000024, 'Kernel Dispatch (F8000024)', native=00004354, <host>)
[2026-06-02 20:26:56.696] [info] [sys] [t18284] KernelState: Preparing module launch...
[2026-06-02 20:26:56.696] [info] [core] [t18284] Initializing shader storage for title 535007D1...
[2026-06-02 20:26:56.709] [info] [gpu] [t22892] Translated 51 shaders from the storage in 11 milliseconds
[2026-06-02 20:26:56.718] [info] [gpu] [t22892] Created 43 graphics pipelines (not including reading the descriptions) from the storage in 9 milliseconds
[2026-06-02 20:26:56.743] [info] [gpu] [t19276] SetInterruptCallback(8220A600, 4004AD00)
[2026-06-02 20:26:56.811] [warning] [fs] [t19276] VFS: 'ShaderDumpxe:\CompareBackEnds' -> [no device]
[2026-06-02 20:26:57.389] [info] [core] [t18192] SDL OnControllerDeviceAdded: "MOGA XP5-X Plus", JoystickType(1), GameControllerType(1), VendorID(0x24C6), ProductID(0x891A)
[2026-06-02 20:26:57.389] [info] [core] [t18192] SDL OnControllerDeviceAdded: Added at index 0.
[2026-06-02 20:27:08.973] [critical] [core] [t22108] [FATAL] Call to invalid or unregistered function at guest address 0x82A22A68
