[2026-06-02 20:17:09.782] [info] [core] [t17312] Loaded config: monster_madness.toml
[2026-06-02 20:17:09.782] [info] [core] [t17312] monster_madness starting
[2026-06-02 20:17:09.782] [info] [core] [t17312]   Game directory: G:/rex/MonsterMadness\assets
[2026-06-02 20:17:09.782] [info] [core] [t17312]   User data:      C:\Users\MaxDe\Documents\monster_madness
[2026-06-02 20:17:09.782] [info] [core] [t17312]   Cache root:     C:\Users\MaxDe\Documents\monster_madness\cache
[2026-06-02 20:17:09.931] [info] [gpu] [t17312] DXGI adapter: NVIDIA GeForce RTX 3080 (vendor 0x10DE, device 0x2216)
[2026-06-02 20:17:10.134] [info] [gpu] [t17312] Direct3D 12 device and OS features:
* Max GPU virtual address bits per resource: 40
* Non-zeroed heap creation: yes
* Pixel-shader-specified stencil reference: no
* Programmable sample positions: tier 2
* Rasterizer-ordered views: yes
* Resource binding: tier 3
* Tiled resources: tier 4
* Unaligned block-compressed textures: yes
[2026-06-02 20:17:10.519] [info] [sys] [t17312] FunctionDispatcher initialized
[2026-06-02 20:17:10.519] [info] [core] [t17312] SDL: Using version 3.5.0
[2026-06-02 20:17:10.519] [info] [core] [t17312] MnK input driver initialized
[2026-06-02 20:17:10.520] [info] [sys] [t17312] Input system initialized
[2026-06-02 20:17:10.558] [info] [sys] [t17312] Audio system initialized
[2026-06-02 20:17:10.559] [info] [sys] [t18276] XThread::Execute thid 1 (handle=F8000010, 'XMA Decoder (F8000010)', native=00004764, <host>)
[2026-06-02 20:17:10.559] [info] [sys] [t22096] XThread::Execute thid 2 (handle=F8000014, 'Audio Worker (F8000014)', native=00005650, <host>)
[2026-06-02 20:17:10.562] [info] [sys] [t17312]   Mounted G:\rex\MonsterMadness\assets at \Device\Harddisk0\Partition1
[2026-06-02 20:17:10.563] [info] [sys] [t17312] GPU system initialized (presentation=true)
[2026-06-02 20:17:10.564] [info] [sys] [t6520] XThread::Execute thid 3 (handle=F8000018, 'GPU Commands (F8000018)', native=00001978, <host>)
[2026-06-02 20:17:10.564] [info] [sys] [t17312] Runtime initialized successfully
[2026-06-02 20:17:10.564] [info] [sys] [t24924] XThread::Execute thid 4 (handle=F800001C, 'GPU VSync (F800001C)', native=0000615C, <host>)
[2026-06-02 20:17:10.574] [info] [core] [t17312] Function table initialized for module: code=82200000-82BE6350, image=82000000-83050000
[2026-06-02 20:17:10.737] [warning] [core] [t17312] SDL GameControllerDB: file 'gamecontrollerdb.txt' does not exist.
[2026-06-02 20:17:10.738] [info] [core] [t17312] SDL input driver initialized successfully
[2026-06-02 20:17:10.738] [info] [sys] [t17312] Loading XEX image: game:\patched_default.xex
[2026-06-02 20:17:10.811] [warning] [fs] [t17312] VFS: entry not found for '\Device\Harddisk0\Partition1\patched_default.xexp' on device '\Device\Harddisk0\Partition1'
[2026-06-02 20:17:10.813] [info] [sys] [t17312] KernelState: Preparing module launch...
[2026-06-02 20:17:10.813] [info] [sys] [t20660] XThread::Execute thid 5 (handle=F8000024, 'Kernel Dispatch (F8000024)', native=000050B4, <host>)
[2026-06-02 20:17:10.814] [info] [core] [t17312] Initializing shader storage for title 535007D1...
[2026-06-02 20:17:10.826] [info] [gpu] [t6520] Translated 51 shaders from the storage in 11 milliseconds
[2026-06-02 20:17:10.836] [info] [gpu] [t6520] Created 43 graphics pipelines (not including reading the descriptions) from the storage in 9 milliseconds
[2026-06-02 20:17:10.857] [info] [gpu] [t9504] SetInterruptCallback(8220A600, 4004AD00)
[2026-06-02 20:17:10.920] [warning] [fs] [t9504] VFS: 'ShaderDumpxe:\CompareBackEnds' -> [no device]
[2026-06-02 20:17:11.293] [critical] [core] [t9504] [FATAL] Unresolved branch from 0x826D3850 to 0x826D3860
