[2026-06-02 19:41:44.621] [info] [core] [t24168] monster_madness starting
[2026-06-02 19:41:44.621] [info] [core] [t24168]   Game directory: G:/rex/MonsterMadness\assets
[2026-06-02 19:41:44.621] [info] [core] [t24168]   User data:      C:\Users\MaxDe\Documents\monster_madness
[2026-06-02 19:41:44.621] [info] [core] [t24168]   Cache root:     C:\Users\MaxDe\Documents\monster_madness\cache
[2026-06-02 19:41:44.760] [info] [gpu] [t24168] DXGI adapter: NVIDIA GeForce RTX 3080 (vendor 0x10DE, device 0x2216)
[2026-06-02 19:41:44.985] [info] [gpu] [t24168] Direct3D 12 device and OS features:
* Max GPU virtual address bits per resource: 40
* Non-zeroed heap creation: yes
* Pixel-shader-specified stencil reference: no
* Programmable sample positions: tier 2
* Rasterizer-ordered views: yes
* Resource binding: tier 3
* Tiled resources: tier 4
* Unaligned block-compressed textures: yes
[2026-06-02 19:41:45.381] [info] [sys] [t24168] FunctionDispatcher initialized
[2026-06-02 19:41:45.381] [info] [core] [t24168] SDL: Using version 3.5.0
[2026-06-02 19:41:45.381] [info] [core] [t24168] MnK input driver initialized
[2026-06-02 19:41:45.381] [info] [sys] [t24168] Input system initialized
[2026-06-02 19:41:45.419] [info] [sys] [t24168] Audio system initialized
[2026-06-02 19:41:45.419] [info] [sys] [t18292] XThread::Execute thid 1 (handle=F8000010, 'XMA Decoder (F8000010)', native=00004774, <host>)
[2026-06-02 19:41:45.420] [info] [sys] [t6580] XThread::Execute thid 2 (handle=F8000014, 'Audio Worker (F8000014)', native=000019B4, <host>)
[2026-06-02 19:41:45.423] [info] [sys] [t24168]   Mounted G:\rex\MonsterMadness\assets at \Device\Harddisk0\Partition1
[2026-06-02 19:41:45.424] [info] [sys] [t2144] XThread::Execute thid 3 (handle=F8000018, 'GPU Commands (F8000018)', native=00000860, <host>)
[2026-06-02 19:41:45.424] [info] [sys] [t24168] GPU system initialized (presentation=true)
[2026-06-02 19:41:45.424] [info] [sys] [t24168] Runtime initialized successfully
[2026-06-02 19:41:45.425] [info] [sys] [t22900] XThread::Execute thid 4 (handle=F800001C, 'GPU VSync (F800001C)', native=00005974, <host>)
[2026-06-02 19:41:45.432] [info] [core] [t24168] Function table initialized for module: code=82200000-82BE6350, image=82000000-83050000
[2026-06-02 19:41:45.594] [warning] [core] [t24168] SDL GameControllerDB: file 'gamecontrollerdb.txt' does not exist.
[2026-06-02 19:41:45.595] [info] [core] [t24168] SDL input driver initialized successfully
[2026-06-02 19:41:45.595] [info] [sys] [t24168] Loading XEX image: game:\patched_default.xex
[2026-06-02 19:41:45.670] [warning] [fs] [t24168] VFS: entry not found for '\Device\Harddisk0\Partition1\patched_default.xexp' on device '\Device\Harddisk0\Partition1'
[2026-06-02 19:41:45.672] [info] [sys] [t21016] XThread::Execute thid 5 (handle=F8000024, 'Kernel Dispatch (F8000024)', native=00005218, <host>)
[2026-06-02 19:41:45.674] [info] [sys] [t24168] KernelState: Preparing module launch...
[2026-06-02 19:41:45.674] [info] [core] [t24168] Initializing shader storage for title 535007D1...
[2026-06-02 19:41:45.687] [info] [gpu] [t2144] Translated 45 shaders from the storage in 10 milliseconds
[2026-06-02 19:41:45.698] [info] [gpu] [t2144] Created 37 graphics pipelines (not including reading the descriptions) from the storage in 10 milliseconds
[2026-06-02 19:41:45.721] [info] [gpu] [t19484] SetInterruptCallback(8220A600, 4004AD00)
[2026-06-02 19:41:45.784] [warning] [fs] [t19484] VFS: 'ShaderDumpxe:\CompareBackEnds' -> [no device]
[2026-06-02 19:41:52.312] [info] [core] [t25300] SDL OnControllerDeviceAdded: "MOGA XP5-X Plus", JoystickType(1), GameControllerType(1), VendorID(0x24C6), ProductID(0x891A)
[2026-06-02 19:41:52.313] [info] [core] [t25300] SDL OnControllerDeviceAdded: Added at index 0.
[2026-06-02 19:42:15.361] [info] [core] [t24168] Saved config to G:\rex\MonsterMadness\out\build\win-amd64-relwithdebinfo\monster_madness.toml
[2026-06-02 19:42:52.612] [critical] [core] [t19484] [FATAL] Call to invalid or unregistered function at guest address 0x82974C58
